<?xml version="1.0" encoding="UTF-8"?>
<testng-results skipped="0" failed="0" ignored="0" total="2" passed="2">
  <reporter-output>
  </reporter-output>
  <suite name="Suite" duration-ms="27596" started-at="2022-07-25T13:03:28Z" finished-at="2022-07-25T13:03:56Z">
    <groups>
    </groups>
    <test name="Test" duration-ms="27596" started-at="2022-07-25T13:03:28Z" finished-at="2022-07-25T13:03:56Z">
      <class name="com.test.LoginPageTest">
        <test-method status="PASS" signature="launchApp(java.lang.String, java.lang.String)[pri:0, instance:com.test.LoginPageTest@4b14c583]" name="launchApp" is-config="true" duration-ms="14348" started-at="2022-07-25T13:03:28Z" finished-at="2022-07-25T13:03:42Z">
          <params>
            <param index="0">
              <value>
                <![CDATA[Edge]]>
              </value>
            </param>
            <param index="1">
              <value>
                <![CDATA[http://cc-admin.mitel.io]]>
              </value>
            </param>
          </params>
          <reporter-output>
          </reporter-output>
        </test-method> <!-- launchApp -->
        <test-method status="PASS" signature="ValidatePageheader()[pri:0, instance:com.test.LoginPageTest@4b14c583]" name="ValidatePageheader" duration-ms="6100" started-at="2022-07-25T13:03:42Z" finished-at="2022-07-25T13:03:48Z">
          <reporter-output>
          </reporter-output>
        </test-method> <!-- ValidatePageheader -->
        <test-method status="PASS" signature="LoginTest(java.lang.String, java.lang.String)[pri:0, instance:com.test.LoginPageTest@4b14c583]" name="LoginTest" duration-ms="6329" started-at="2022-07-25T13:03:48Z" finished-at="2022-07-25T13:03:55Z">
          <params>
            <param index="0">
              <value>
                <![CDATA[miccautomationpubliccl@gmail.com]]>
              </value>
            </param>
            <param index="1">
              <value>
                <![CDATA[Micc@123]]>
              </value>
            </param>
          </params>
          <reporter-output>
          </reporter-output>
        </test-method> <!-- LoginTest -->
        <test-method status="PASS" signature="quitBrowser()[pri:0, instance:com.test.LoginPageTest@4b14c583]" name="quitBrowser" is-config="true" duration-ms="802" started-at="2022-07-25T13:03:55Z" finished-at="2022-07-25T13:03:56Z">
          <reporter-output>
          </reporter-output>
        </test-method> <!-- quitBrowser -->
      </class> <!-- com.test.LoginPageTest -->
    </test> <!-- Test -->
  </suite> <!-- Suite -->
</testng-results>
